<?xml version="1.0" encoding="UTF-8"?>
<!-- Generated by org.testng.reporters.JUnitReportReporter -->
<testsuite skipped="0" hostname="admin-PC" name="DropDown.TestDdAllOptions" tests="1" failures="0" timestamp="21 Apr 2020 06:42:34 GMT" time="46.208" errors="0">
  <testcase name="allOptions" time="46.208" classname="DropDown.TestDdAllOptions"/>
</testsuite> <!-- DropDown.TestDdAllOptions -->
