<?xml version="1.0" encoding="UTF-8"?>
<!-- Generated by org.testng.reporters.JUnitReportReporter -->
<testsuite skipped="0" hostname="admin-PC" name="DropDown.TestDdAscOrder" tests="1" failures="0" timestamp="21 Apr 2020 06:42:34 GMT" time="42.961" errors="0">
  <testcase name="runTestOnDocker" time="42.961" classname="DropDown.TestDdAscOrder"/>
</testsuite> <!-- DropDown.TestDdAscOrder -->
