<?xml version="1.0" encoding="UTF-8"?>
<!-- Generated by org.testng.reporters.JUnitReportReporter -->
<testsuite skipped="0" hostname="admin-PC" name="DropDown.TestDdDuplicates" tests="1" failures="0" timestamp="21 Apr 2020 06:42:34 GMT" time="38.140" errors="0">
  <testcase name="dropDown" time="38.140" classname="DropDown.TestDdDuplicates"/>
</testsuite> <!-- DropDown.TestDdDuplicates -->
